wandb: Appending key for api.wandb.ai to your netrc file: /home/aliseyfi/.netrc
wandb: Currently logged in as: aliseyfi (use `wandb login --relogin` to force relogin)
wandb: wandb version 0.12.9 is available!  To upgrade, please run:
wandb:  $ pip install wandb --upgrade
wandb: Tracking run with wandb version 0.12.6
wandb: Syncing run lyric-mountain-74
wandb: ⭐️ View project at https://wandb.ai/aliseyfi/Probprog_project
wandb: 🚀 View run at https://wandb.ai/aliseyfi/Probprog_project/runs/162vq4q9
wandb: Run data is saved locally in /scratch/aliseyfi/Probabilistic-Programming/Project/bbvi/wandb/run-20211217_185933-162vq4q9
wandb: Run `wandb offline` to turn off syncing.
wandb: Waiting for W&B process to finish, PID 16266... (success).
wandb: - 0.00MB of 0.00MB uploaded (0.00MB deduped)wandb: \ 0.00MB of 0.00MB uploaded (0.00MB deduped)wandb: | 0.00MB of 0.09MB uploaded (0.00MB deduped)wandb: / 0.00MB of 0.09MB uploaded (0.00MB deduped)wandb: - 0.09MB of 0.09MB uploaded (0.00MB deduped)wandb: \ 0.09MB of 0.09MB uploaded (0.00MB deduped)wandb: | 0.09MB of 0.09MB uploaded (0.00MB deduped)wandb: / 0.09MB of 0.09MB uploaded (0.00MB deduped)wandb: - 0.09MB of 0.09MB uploaded (0.00MB deduped)wandb: \ 0.09MB of 0.09MB uploaded (0.00MB deduped)wandb: | 0.09MB of 0.09MB uploaded (0.00MB deduped)wandb:                                                                                
wandb: Run history:
wandb:           L ▁
wandb:          lr ▁
wandb:   prob_mean ▅▂▁▇▃▄▃█▇▇▆▇▇▆▇▇▆▆▇▆▇█▇▇█▇█▇█▇█▇██▇▇▇▇██
wandb: 
wandb: Run summary:
wandb:           L 5
wandb:          lr 0.05
wandb:   prob_mean -359.50981
wandb: 
wandb: Synced 5 W&B file(s), 0 media file(s), 0 artifact file(s) and 0 other file(s)
wandb: Synced lyric-mountain-74: https://wandb.ai/aliseyfi/Probprog_project/runs/162vq4q9
wandb: Find logs at: ./wandb/run-20211217_185933-162vq4q9/logs/debug.log
wandb: 
