Initialization time:  0.15188860893249512
hairpin: 239.35673832893372
hairpin1: 110.99676775932312
hairpin4: 25.87225866317749
helix: 96.24281692504883
helix1: 40.99571943283081
three_waystranddisplacement: 500.68156147003174
three_waystranddisplacement1: 373.4768762588501
bubble: 13.843757390975952
four_waystrandexchange: 3062.0810685157776
Number of particles:  2500
Sampling time:  4463.874461174011
Mean:  [12.52870321  4.17633218 13.32703115  2.81065814 12.23306473  3.06168385
 12.86881496  3.51166953 12.87545414  3.21598388 12.33248097  2.0863122
 13.57312296  2.8184886   0.05633877]
Variance:  [0.03009166 0.00696403 0.01131477 0.00883542 0.05376949 0.01131562
 0.04296814 0.03026634 0.01417689 0.03876777 0.01511775 0.06901123
 0.03104904 0.01319911 0.00189036]
MSE 0.1512423557497078
Within factor of three (Nasim) 0.921875
Within factor of three (correct) 0.828125
MSE:  0.1512423557497078
Within 3:  0.828125
