Initialization time:  0.580134391784668
hairpin: 664.6304047107697
hairpin1: 350.8668112754822
hairpin4: 82.12361311912537
helix: 272.9889280796051
helix1: 118.20165133476257
three_waystranddisplacement: 1695.1622786521912
three_waystranddisplacement1: 1301.9386067390442
bubble: 50.75045132637024
four_waystrandexchange: 12086.731460571289
Number of particles:  10000
Sampling time:  16624.395985364914
Mean:  [12.57941229  4.18864767 13.36685004  2.848613   12.29376417  3.08952376
 12.91759952  3.52828801 12.96994753  3.1859032  12.29803779  2.24542796
 13.53968587  2.84450232  0.06585124]
Variance:  [0.02131379 0.01177854 0.0096656  0.00693698 0.02999789 0.01848312
 0.04674631 0.02287559 0.03966399 0.03674912 0.01289405 0.05043096
 0.03234254 0.0152511  0.00167703]
MSE 0.15251456633490604
Within factor of three (Nasim) 0.925
Within factor of three (correct) 0.825
MSE:  0.15251456633490604
Within 3:  0.825
