Initialization time:  0.05355572700500488
hairpin: 126.41774940490723
hairpin1: 63.97813391685486
hairpin4: 16.73361873626709
helix: 42.47832131385803
helix1: 21.161808729171753
three_waystranddisplacement: 223.83719754219055
three_waystranddisplacement1: 171.1720311641693
bubble: 11.220392942428589
four_waystrandexchange: 1300.654049873352
Number of particles:  1000
Sampling time:  1977.8464555740356
Mean:  [12.50628984  4.15799059 13.36986156  2.82263955 12.28241225  3.09471961
 12.73697877  3.60923335 13.03694733  3.2693918  12.35725579  2.30875255
 13.5560034   2.93437841  0.06387518]
Variance:  [0.02617329 0.00595567 0.00913908 0.00742049 0.01912632 0.00431349
 0.02381999 0.02644875 0.03032702 0.04082996 0.00944059 0.05393028
 0.04664807 0.0151163  0.00164613]
MSE 0.1533036883539266
Within factor of three (Nasim) 0.925
Within factor of three (correct) 0.825
MSE:  0.1533036883539266
Within 3:  0.825
