Initialization time:  0.019590139389038086
hairpin: 41.46696186065674
hairpin1: 12.037445545196533
hairpin4: 2.8432962894439697
helix: 7.804751873016357
helix1: 5.07369327545166
three_waystranddisplacement: 40.91417860984802
three_waystranddisplacement1: 29.125914573669434
bubble: 1.651975393295288
four_waystrandexchange: 250.59194111824036
Number of particles:  200
Sampling time:  391.554979801178
Mean:  [12.64318223  4.20592056 13.36536644  2.88092201 12.32743646  2.98963866
 12.75823277  3.4652603  12.8101167   3.14839241 12.2522296   2.20385921
 13.64320907  2.77345982  0.15072476]
Variance:  [0.01598116 0.01355086 0.00379219 0.00577592 0.03932212 0.00895684
 0.00647967 0.02675878 0.02397876 0.02913115 0.02439069 0.03092981
 0.00866879 0.00846577 0.00139835]
MSE 0.16678409382121878
Within factor of three (Nasim) 0.921875
Within factor of three (correct) 0.803125
MSE:  0.16678409382121878
Within 3:  0.803125
