Initialization time:  0.0009796619415283203
hairpin: 14.342417001724243
hairpin1: 4.539263486862183
hairpin4: 0.8502728939056396
helix: 2.174959659576416
helix1: 0.9772088527679443
three_waystranddisplacement: 5.646735429763794
three_waystranddisplacement1: 2.73044753074646
bubble: 0.2102644443511963
four_waystrandexchange: 20.98730230331421
Number of particles:  10
Sampling time:  52.463122606277466
Mean:  [12.49518027  4.19784105 13.48352217  2.67545556 12.2397459   3.15567559
 13.09543924  3.65232626 12.87821913  3.1810664  12.17393553  2.04709812
 13.33631083  2.74827176  0.18054189]
Variance:  [ 5.68434189e-14  0.00000000e+00  5.68434189e-14  2.66453526e-15
  0.00000000e+00  0.00000000e+00 -1.13686838e-13 -1.77635684e-15
  8.52651283e-14 -3.55271368e-15 -5.68434189e-14 -2.66453526e-15
  2.84217094e-14  1.77635684e-15 -6.93889390e-18]
MSE 0.20330076193189678
Within factor of three (Nasim) 0.86875
Within factor of three (correct) 0.7625
MSE:  0.20330076193189678
Within 3:  0.7625
