Initialization time:  0.0069882869720458984
hairpin: 21.713738441467285
hairpin1: 4.824934482574463
hairpin4: 1.1392643451690674
helix: 2.491219997406006
helix1: 1.3249709606170654
three_waystranddisplacement: 11.176377296447754
three_waystranddisplacement1: 8.796170711517334
bubble: 0.6326878070831299
four_waystrandexchange: 72.60995841026306
Number of particles:  50
Sampling time:  124.72256755828857
Mean:  [12.54160181  4.01181229 13.37843472  2.92893932 12.41932303  3.03908356
 12.52088399  3.21216693 12.94249912  3.2978556  12.07177296  1.93581179
 13.60040682  2.81266339  0.02620605]
Variance:  [-1.42108547e-13  2.84217094e-14  1.98951966e-13  1.42108547e-14
 -1.13686838e-13 -1.06581410e-14 -1.42108547e-13  0.00000000e+00
  3.12638804e-13  5.32907052e-15  2.84217094e-14 -3.55271368e-15
 -3.12638804e-13 -2.30926389e-14  3.25260652e-19]
MSE 0.1561711224809294
Within factor of three (Nasim) 0.915625
Within factor of three (correct) 0.784375
MSE:  0.1561711224809294
Within 3:  0.784375
