Initialization time:  0.04146623611450195
hairpin: 123.78472876548767
hairpin1: 39.822614908218384
hairpin4: 7.797331094741821
helix: 20.35767102241516
helix1: 9.99864387512207
three_waystranddisplacement: 97.9231595993042
three_waystranddisplacement1: 71.00875544548035
bubble: 3.066622018814087
four_waystrandexchange: 615.9400825500488
Number of particles:  500
Sampling time:  989.8713648319244
Mean:  [12.66207767  4.20712916 13.39406252  2.86342483 12.44710093  3.14046967
 12.93929064  3.49072939 13.19616608  3.2526849  12.33271397  2.20616246
 13.57683927  2.86371184  0.08070807]
Variance:  [0.02183    0.00229256 0.00401674 0.00455182 0.01340226 0.01514187
 0.01414772 0.01107976 0.0230427  0.01620887 0.01124862 0.05149333
 0.00846443 0.00150939 0.00096469]
MSE 0.15617073623965871
Within factor of three (Nasim) 0.925
Within factor of three (correct) 0.815625
MSE:  0.15617073623965871
Within 3:  0.815625
