Initialization time:  0.02783679962158203
hairpin: 58.203068017959595
hairpin1: 23.94642686843872
hairpin4: 6.733046293258667
helix: 17.045987367630005
helix1: 7.128888368606567
three_waystranddisplacement: 91.40875148773193
three_waystranddisplacement1: 68.42712211608887
bubble: 3.344341278076172
four_waystrandexchange: 602.1313359737396
Number of particles:  400
Sampling time:  878.4233963489532
Mean:  [12.55735728  4.21426394 13.35736473  2.83991216 12.35017028  3.18445426
 12.97926887  3.47509437 12.88070385  3.21661487 12.34615506  2.18840779
 13.60854537  2.82748857  0.08196856]
Variance:  [0.02401345 0.0142453  0.00487992 0.00611949 0.01245526 0.00419988
 0.03170206 0.00372728 0.02810285 0.04807012 0.01461899 0.06022493
 0.01304796 0.01419906 0.00166909]
MSE 0.15794463617443197
Within factor of three (Nasim) 0.921875
Within factor of three (correct) 0.815625
MSE:  0.15794463617443197
Within 3:  0.815625
