Initialization time:  0.36379432678222656
hairpin: 458.5399215221405
hairpin1: 178.92598485946655
hairpin4: 43.549938678741455
helix: 155.63167452812195
helix1: 69.82121920585632
three_waystranddisplacement: 937.5313138961792
three_waystranddisplacement1: 684.7428205013275
bubble: 24.18428635597229
four_waystrandexchange: 6074.095598459244
Number of particles:  5000
Sampling time:  8627.688774347305
Mean:  [12.59147053  4.17192383 13.36858017  2.84943909 12.31782197  3.0500367
 12.9247038   3.53193198 12.95546374  3.26051306 12.31031635  2.12413737
 13.53194805  2.87113546  0.06871141]
Variance:  [0.02832581 0.01097871 0.01598254 0.00587599 0.04009581 0.01845733
 0.04385698 0.02557773 0.03548094 0.03703717 0.02034088 0.04015461
 0.02149628 0.01978744 0.00186728]
MSE 0.1531472296832965
Within factor of three (Nasim) 0.925
Within factor of three (correct) 0.825
MSE:  0.1531472296832965
Within 3:  0.825
