Initialization time:  0.46940159797668457
hairpin: 438.59495425224304
hairpin1: 211.63565850257874
hairpin4: 51.05014514923096
helix: 179.46312499046326
helix1: 72.682701587677
three_waystranddisplacement: 1333.2161417007446
three_waystranddisplacement1: 1180.429440498352
bubble: 47.65322780609131
four_waystrandexchange: 9118.518283367157
Number of particles:  7500
Sampling time:  12634.01325583458
Mean:  [12.58344251  4.15956288 13.34518679  2.85663933 12.29565035  3.07942772
 12.89174895  3.544957   12.99302385  3.23606434 12.28313791  2.23047224
 13.51059221  2.84363213  0.06296311]
Variance:  [0.02202634 0.01441345 0.01159835 0.00708363 0.03794447 0.01051012
 0.05240857 0.02461103 0.0237788  0.0548923  0.01946832 0.03939632
 0.01706063 0.015114   0.00196079]
MSE 0.15155829560717998
Within factor of three (Nasim) 0.921875
Within factor of three (correct) 0.834375
MSE:  0.15155829560717998
Within 3:  0.834375
