Initialization time:  0.07718086242675781
hairpin: 155.84936499595642
hairpin1: 36.794581174850464
hairpin4: 12.740726232528687
helix: 24.48271870613098
helix1: 10.36746597290039
three_waystranddisplacement: 138.38399505615234
three_waystranddisplacement1: 106.51720666885376
bubble: 5.132129907608032
four_waystrandexchange: 924.3496143817902
Number of particles:  750
Sampling time:  1414.8232197761536
Mean:  [12.51904264  4.11110614 13.37515279  2.86517459 12.10778519  3.12138841
 12.92398244  3.44791585 12.96821609  3.34171166 12.28324677  2.31772816
 13.40034093  2.82502192  0.04970954]
Variance:  [0.00994597 0.01327475 0.00256469 0.00360345 0.01818507 0.02305394
 0.00781918 0.01605192 0.01164521 0.01786615 0.01355774 0.00386377
 0.01635108 0.01567256 0.00040543]
MSE 0.15152456162882535
Within factor of three (Nasim) 0.921875
Within factor of three (correct) 0.815625
MSE:  0.15152456162882535
Within 3:  0.815625
