Initialization time:  0.006796360015869141
hairpin: 27.611915111541748
hairpin1: 6.4988603591918945
hairpin4: 1.707634449005127
helix: 3.7941179275512695
helix1: 1.912266492843628
three_waystranddisplacement: 19.89506244659424
three_waystranddisplacement1: 15.93940281867981
bubble: 0.8192794322967529
four_waystrandexchange: 119.92235732078552
Number of particles:  90
Sampling time:  198.11274814605713
Mean:  [12.84605226  4.37199446 13.36295227  2.89451668 12.53874393  3.07882469
 12.79606389  3.48496759 12.96408749  3.09638796 12.14319824  1.88547585
 13.71368036  3.0573717   0.10547355]
Variance:  [8.28678681e-03 1.06506676e-02 1.00980041e-04 1.89446838e-03
 6.49095523e-03 1.39170578e-05 2.08179881e-03 2.27449504e-03
 1.33610489e-05 1.06461016e-03 8.55297301e-04 1.68545604e-03
 1.64209074e-03 4.17284803e-03 1.28586581e-03]
MSE 0.1590701116589494
Within factor of three (Nasim) 0.921875
Within factor of three (correct) 0.83125
MSE:  0.1590701116589494
Within 3:  0.83125
