Initialization time:  0.006748676300048828
hairpin: 19.489487886428833
hairpin1: 5.46514892578125
hairpin4: 1.4224293231964111
helix: 3.390181541442871
helix1: 1.628774642944336
three_waystranddisplacement: 14.695769548416138
three_waystranddisplacement1: 10.852143287658691
bubble: 0.672123908996582
four_waystrandexchange: 91.44927954673767
Number of particles:  70
Sampling time:  149.0777668952942
Mean:  [12.61940848  4.0778238  13.27996761  2.86274701 12.30044647  2.89618096
 12.90443382  3.4997912  13.10086458  3.2786679  12.2428571   2.09471196
 13.57503853  2.87995705  0.11231283]
Variance:  [0.00510878 0.0045486  0.00730937 0.00298781 0.0098822  0.00187327
 0.00064635 0.00484902 0.00372    0.00886249 0.00192742 0.00191765
 0.00653285 0.00535182 0.00111321]
MSE 0.16429727128072552
Within factor of three (Nasim) 0.9125
Within factor of three (correct) 0.7875
MSE:  0.16429727128072552
Within 3:  0.7875
