Initialization time:  0.017583131790161133
hairpin: 47.66998791694641
hairpin1: 13.72183084487915
hairpin4: 6.851037979125977
helix: 10.364442825317383
helix1: 6.141985893249512
three_waystranddisplacement: 64.14869928359985
three_waystranddisplacement1: 48.02585315704346
bubble: 2.3739683628082275
four_waystrandexchange: 411.84564113616943
Number of particles:  300
Sampling time:  611.1763782501221
Mean:  [12.53810454  4.13723899 13.45033912  2.87456539 12.27321651  3.14041367
 13.05219694  3.57352482 12.92073418  3.2078926  12.33730881  2.12689481
 13.56299322  2.8310848   0.04901347]
Variance:  [0.01109755 0.00231577 0.01598871 0.00079099 0.01253391 0.00359616
 0.00946485 0.00789087 0.01092892 0.02401859 0.0171745  0.03110033
 0.0115789  0.010123   0.001331  ]
MSE 0.15005822278963016
Within factor of three (Nasim) 0.925
Within factor of three (correct) 0.81875
MSE:  0.15005822278963016
Within 3:  0.81875
