Initialization time:  0.011208057403564453
hairpin: 31.912381410598755
hairpin1: 7.414212226867676
hairpin4: 2.2719364166259766
helix: 5.595280647277832
helix1: 2.5578150749206543
three_waystranddisplacement: 23.208467483520508
three_waystranddisplacement1: 18.48638916015625
bubble: 1.0738182067871094
four_waystrandexchange: 143.5053539276123
Number of particles:  110
Sampling time:  236.0411353111267
Mean:  [12.69278632  4.25352986 13.33887332  2.81993329 12.12597864  3.04852762
 12.82919192  3.53545332 12.90256504  2.88887769 12.19566576  2.12997718
 13.49656826  2.98346069  0.07178916]
Variance:  [0.01288087 0.00370252 0.00053605 0.0016427  0.01280153 0.01551225
 0.00786979 0.01343812 0.02133645 0.06933424 0.03062829 0.01538702
 0.0026423  0.01227576 0.00014494]
MSE 0.1541264692954995
Within factor of three (Nasim) 0.91875
Within factor of three (correct) 0.825
MSE:  0.1541264692954995
Within 3:  0.825
