Initialization time:  0.0029044151306152344
hairpin: 19.860695600509644
hairpin1: 4.1569905281066895
hairpin4: 1.0125017166137695
helix: 1.7367119789123535
helix1: 0.7395157814025879
three_waystranddisplacement: 6.789987564086914
three_waystranddisplacement1: 4.985632658004761
bubble: 0.9306690692901611
four_waystrandexchange: 40.50781512260437
Number of particles:  30
Sampling time:  80.72764182090759
Mean:  [12.59954     4.06478102 13.338144    2.89029194 12.53552761  2.87100279
 13.31857801  3.52047866 13.2187461   3.44109771 12.37308769  1.85111965
 13.72124357  3.08087523  0.14846192]
Variance:  [-8.52651283e-14  0.00000000e+00 -1.42108547e-13 -3.55271368e-15
  1.98951966e-13 -3.55271368e-15  2.84217094e-14  1.06581410e-14
  1.42108547e-13 -1.77635684e-15  1.98951966e-13 -1.77635684e-15
  1.13686838e-13 -5.32907052e-15  1.73472348e-17]
MSE 0.1796405867762929
Within factor of three (Nasim) 0.903125
Within factor of three (correct) 0.771875
MSE:  0.1796405867762929
Within 3:  0.771875
