Initialization time:  0.010811567306518555
hairpin: 21.69063639640808
hairpin1: 5.959195375442505
hairpin4: 3.468837261199951
helix: 5.976907253265381
helix1: 2.422468662261963
three_waystranddisplacement: 23.390965938568115
three_waystranddisplacement1: 19.165448427200317
bubble: 1.1361415386199951
four_waystrandexchange: 132.26041102409363
Number of particles:  100
Sampling time:  215.50637102127075
Mean:  [12.69554241  4.09880698 13.2523292   2.87641491 12.26027046  3.0426999
 12.93614561  3.46913055 13.10353644  3.22122479 12.35965865  2.01593452
 13.64261121  2.80107056  0.08648271]
Variance:  [0.00389196 0.00298579 0.00232193 0.01019863 0.00673279 0.009442
 0.00649081 0.03619449 0.00304433 0.08406599 0.00499878 0.01534644
 0.01169897 0.00596089 0.00375565]
MSE 0.16086672777018135
Within factor of three (Nasim) 0.921875
Within factor of three (correct) 0.784375
MSE:  0.16086672777018135
Within 3:  0.784375
