Initialization time:  0.02509307861328125
hairpin: 78.16290640830994
hairpin1: 30.845276594161987
hairpin4: 7.426893711090088
helix: 14.081785440444946
helix1: 7.256744623184204
three_waystranddisplacement: 55.26275706291199
three_waystranddisplacement1: 37.77673625946045
bubble: 2.0901131629943848
four_waystrandexchange: 322.0210394859314
Number of particles:  250
Sampling time:  555.0927114486694
Mean:  [12.57107935  4.24135083 13.36848838  2.83591654 12.50372502  3.08102092
 12.76910304  3.56019935 12.85223986  3.24169123 12.25593053  2.23441795
 13.76131878  2.91065546  0.03775765]
Variance:  [0.0105491  0.00167877 0.0052643  0.00206706 0.00773547 0.00080491
 0.01177365 0.01218717 0.00912438 0.0279901  0.00523595 0.0036903
 0.02095041 0.0039923  0.00148389]
MSE 0.14930995051394
Within factor of three (Nasim) 0.921875
Within factor of three (correct) 0.840625
MSE:  0.14930995051394
Within 3:  0.840625
