Initialization time:  0.0055065155029296875
hairpin: 18.61734962463379
hairpin1: 4.657745122909546
hairpin4: 1.2779173851013184
helix: 2.691988945007324
helix1: 1.3147814273834229
three_waystranddisplacement: 11.859668016433716
three_waystranddisplacement1: 8.749571800231934
bubble: 0.5833544731140137
four_waystrandexchange: 75.29663705825806
Number of particles:  50
Sampling time:  125.05962586402893
Mean:  [12.62007377  4.16701434 14.17330881  3.22931896 11.74625266  2.58191756
 12.47366617  3.08977891 13.88806724  1.95006173 13.52727644  3.99908475
 13.09869694  3.34700829  1.160976  ]
Variance:  [ 2.84217094e-14  4.61852778e-14 -3.12638804e-13  8.88178420e-15
  0.00000000e+00  0.00000000e+00  1.98951966e-13 -7.10542736e-15
  3.97903932e-13 -3.55271368e-15 -1.13686838e-13 -3.55271368e-14
  3.69482223e-13 -1.59872116e-14  4.44089210e-16]
MSE 0.2477611517968068
Within factor of three (Nasim) 0.853125
Within factor of three (correct) 0.74375
MSE:  0.2477611517968068
Within 3:  0.74375
