Initialization time:  0.022184371948242188
hairpin: 64.16316771507263
hairpin1: 28.473419666290283
hairpin4: 6.4090306758880615
helix: 13.447703123092651
helix1: 6.332305431365967
three_waystranddisplacement: 59.49843788146973
three_waystranddisplacement1: 44.38699913024902
bubble: 2.301544666290283
four_waystrandexchange: 394.27558159828186
Number of particles:  300
Sampling time:  619.3448367118835
Mean:  [14.15654568  2.9960153  12.355649    3.0150702  13.17567308  3.00388919
 12.54142614  2.98781944 13.51395364  3.06177804 13.64398609  3.99330818
 12.72951995  3.30322768  0.08031235]
Variance:  [ 1.42108547e-13 -6.39488462e-14 -5.96855898e-13  3.55271368e-14
 -1.02318154e-12  2.13162821e-14 -6.25277607e-13 -5.32907052e-15
 -1.33582034e-12  1.20792265e-13  1.87583282e-12 -5.68434189e-14
 -2.13162821e-12  7.99360578e-14  3.55618313e-17]
MSE 0.6160106315045895
Within factor of three (Nasim) 0.796875
Within factor of three (correct) 0.6875
MSE:  0.6160106315045895
Within 3:  0.6875
