Initialization time:  0.29491257667541504
hairpin: 304.4324781894684
hairpin1: 173.8996434211731
hairpin4: 40.083890199661255
helix: 125.88769721984863
helix1: 52.49701118469238
three_waystranddisplacement: 838.4416677951813
three_waystranddisplacement1: 645.0629234313965
bubble: 22.818948984146118
four_waystrandexchange: 5970.7609214782715
Number of particles:  5000
Sampling time:  8174.391362905502
Mean:  [12.75864404  4.55526038 14.436211    3.21536309 11.13562298  2.87677022
 11.78132058  3.05841021 12.00028761  3.4275308  14.97401233  2.28595968
 12.90423382  3.28544114  0.01750762]
Variance:  [ 5.11590770e-12  2.59348099e-13  2.62332378e-11  6.21724894e-14
  9.76285719e-12 -1.13686838e-12  1.08002496e-11 -3.03757020e-13
  1.53477231e-11  1.71951342e-12  3.93072241e-11  5.52446977e-13
  2.08046913e-11  1.82609483e-12  1.84314369e-18]
MSE 0.18091689633640223
Within factor of three (Nasim) 0.9
Within factor of three (correct) 0.81875
MSE:  0.18091689633640223
Within 3:  0.81875
