Initialization time:  0.4443244934082031
hairpin: 531.0242750644684
hairpin1: 271.4200830459595
hairpin4: 63.08187699317932
helix: 205.92410612106323
helix1: 87.78996515274048
three_waystranddisplacement: 1267.6579811573029
three_waystranddisplacement1: 968.6814601421356
bubble: 35.282397508621216
four_waystrandexchange: 9093.774667263031
Number of particles:  7500
Sampling time:  12525.46396279335
Mean:  [12.62247854  3.92346309 13.81135752  3.43814509 13.758044    3.98062796
 12.62783825  3.28152884 13.32995154  2.02019235 12.43615045  1.89116642
 13.35680206  2.81186403  0.20121104]
Variance:  [0.22309538 0.24358763 0.07905787 0.13980703 1.85787934 1.34158319
 0.1237899  0.1926796  0.67632513 0.51693672 1.22964056 0.29841482
 0.24256806 2.22487077 0.02104734]
MSE 0.17587297126490936
Within factor of three (Nasim) 0.91875
Within factor of three (correct) 0.78125
MSE:  0.17587297126490936
Within 3:  0.78125
