Initialization time:  0.07060384750366211
hairpin: 48.29067301750183
hairpin1: 24.113837480545044
hairpin4: 6.026427268981934
helix: 21.030816793441772
helix1: 8.947149276733398
three_waystranddisplacement: 140.80527758598328
three_waystranddisplacement1: 111.95994353294373
bubble: 4.263381719589233
four_waystrandexchange: 936.0715141296387
Number of particles:  750
Sampling time:  1301.8429980278015
Mean:  [13.24767719  3.46526807 11.08143348  2.04145994 13.28752833  3.5146425
 11.81952776  4.22973659 13.85360697  2.65246333 13.19163382  3.34022546
 14.09175293  2.40353101  0.1050623 ]
Variance:  [-1.87583282e-12 -2.09610107e-13 -1.53477231e-12 -1.32338585e-13
  6.82121026e-13  4.52970994e-13 -3.26849658e-12 -5.32907052e-13
  1.42108547e-12  8.08242362e-14  5.68434189e-13 -1.75859327e-13
 -2.84217094e-13  1.00364161e-13 -2.18575158e-16]
MSE 0.2956187027042651
Within factor of three (Nasim) 0.8625
Within factor of three (correct) 0.759375
MSE:  0.2956187027042651
Within 3:  0.759375
