Initialization time:  0.6162018775939941
hairpin: 556.4305441379547
hairpin1: 280.5471923351288
hairpin4: 69.35484433174133
helix: 236.19992876052856
helix1: 98.1472327709198
three_waystranddisplacement: 1683.0306432247162
three_waystranddisplacement1: 1295.3594563007355
bubble: 46.75791049003601
four_waystrandexchange: 12547.050520896912
Number of particles:  10000
Sampling time:  16813.751585245132
Mean:  [13.57231821  4.41463611 14.15234456  3.500611   12.04825836  3.66657068
 12.48894831  3.08815194 14.65821646  3.20823085 12.72526428  2.01491942
 11.93131192  2.48380518  0.03862007]
Variance:  [0.00743357 0.01933695 0.07089045 0.00931739 0.19135749 0.00991949
 0.00601111 0.03432067 0.26830705 0.00178043 0.35277314 0.24792404
 0.13982201 0.0561887  0.00253485]
MSE 0.1893421073072748
Within factor of three (Nasim) 0.9
Within factor of three (correct) 0.809375
MSE:  0.1893421073072748
Within 3:  0.809375
