Initialization time:  0.0044403076171875
hairpin: 16.213171243667603
hairpin1: 4.530317783355713
hairpin4: 1.362839698791504
helix: 2.1594600677490234
helix1: 0.9113156795501709
three_waystranddisplacement: 7.549549102783203
three_waystranddisplacement1: 5.257897853851318
bubble: 0.6131737232208252
four_waystrandexchange: 42.525331258773804
Number of particles:  30
Sampling time:  81.13197088241577
Mean:  [11.81336796  3.8497238  12.36269685  2.31853453 12.53711218  2.64539485
 13.14463512  4.06630742 12.72935013  3.65678734 15.18739203  2.05162927
 12.86237955  2.7306868  -0.58461406]
Variance:  [-2.84217094e-13 -2.66453526e-14 -1.98951966e-13 -3.55271368e-15
 -1.13686838e-13 -1.15463195e-14 -3.69482223e-13 -1.42108547e-14
 -8.52651283e-14 -1.06581410e-14 -4.83169060e-13  0.00000000e+00
 -1.42108547e-13  0.00000000e+00 -8.88178420e-16]
MSE 1.116902092566161
Within factor of three (Nasim) 0.86875
Within factor of three (correct) 0.75625
MSE:  1.116902092566161
Within 3:  0.75625
