Initialization time:  0.00410008430480957
hairpin: 12.729598999023438
hairpin1: 4.92060399055481
hairpin4: 1.103994369506836
helix: 2.457736015319824
helix1: 1.0664005279541016
three_waystranddisplacement: 5.608131408691406
three_waystranddisplacement1: 2.6303610801696777
bubble: 0.22980856895446777
four_waystrandexchange: 20.27056360244751
Number of particles:  10
Sampling time:  51.02527952194214
Mean:  [13.93754228  3.17903706 12.69361059  3.15642946 14.4023829   4.00665558
 14.31509379  4.23426233 13.48715439  4.02339098 12.54297805  3.25325249
 13.83364291  1.66645795 -0.09358002]
Variance:  [0.00000000e+00 5.32907052e-15 8.52651283e-14 0.00000000e+00
 0.00000000e+00 0.00000000e+00 2.84217094e-14 1.42108547e-14
 2.84217094e-14 7.10542736e-15 8.52651283e-14 0.00000000e+00
 0.00000000e+00 8.88178420e-16 0.00000000e+00]
MSE 5.909298301721384
Within factor of three (Nasim) 0.640625
Within factor of three (correct) 0.578125
MSE:  5.909298301721384
Within 3:  0.578125
