Initialization time:  0.013782262802124023
hairpin: 24.416831016540527
hairpin1: 11.995094537734985
hairpin4: 3.6601998805999756
helix: 10.196730136871338
helix1: 4.097717761993408
three_waystranddisplacement: 45.01348876953125
three_waystranddisplacement1: 34.227903842926025
bubble: 1.6782824993133545
four_waystrandexchange: 304.878883600235
Number of particles:  250
Sampling time:  440.23422169685364
Mean:  [10.93483438  2.62608036 12.53146107  2.69669254 12.77668981  3.93973215
 14.07141029  4.66145461 12.50028794  3.4428886  12.2879711   2.80892864
 11.47551322  1.12636045  0.25439628]
Variance:  [-1.32160949e-12 -1.15463195e-14  1.05160325e-12 -5.68434189e-14
 -1.73372428e-12  1.11910481e-13  1.08002496e-12  9.94759830e-14
  1.47792889e-12  4.26325641e-14  1.39266376e-12  6.21724894e-14
 -8.81072992e-13 -1.99840144e-15  6.24500451e-16]
MSE 0.22450772962649773
Within factor of three (Nasim) 0.9
Within factor of three (correct) 0.771875
MSE:  0.22450772962649773
Within 3:  0.771875
