Initialization time:  0.011976242065429688
hairpin: 28.277645587921143
hairpin1: 7.2127275466918945
hairpin4: 1.5691509246826172
helix: 3.643634557723999
helix1: 1.9531223773956299
three_waystranddisplacement: 19.432331800460815
three_waystranddisplacement1: 14.376261711120605
bubble: 0.7263243198394775
four_waystrandexchange: 121.49138164520264
Number of particles:  90
Sampling time:  198.69954895973206
Mean:  [13.48198779  2.62255089 13.98899389  4.05757872 12.46828218  3.66935001
 12.65196059  4.88425328 14.02872372  4.237269   11.87159021  3.42068851
 12.19224399  4.60923845  1.26383536]
Variance:  [ 4.83169060e-13  1.86517468e-14  3.97903932e-13  6.39488462e-14
 -6.53699317e-13  2.66453526e-14 -2.55795385e-13  7.10542736e-14
 -6.53699317e-13 -2.84217094e-14  8.52651283e-14  7.10542736e-15
 -2.84217094e-14  7.46069873e-14  4.44089210e-15]
MSE 0.44116248257476476
Within factor of three (Nasim) 0.83125
Within factor of three (correct) 0.765625
MSE:  0.44116248257476476
Within 3:  0.765625
