Initialization time:  0.21901416778564453
hairpin: 212.54322457313538
hairpin1: 96.2195954322815
hairpin4: 24.168317079544067
helix: 75.61864113807678
helix1: 32.49338960647583
three_waystranddisplacement: 454.766720533371
three_waystranddisplacement1: 360.15019631385803
bubble: 14.656288385391235
four_waystrandexchange: 3073.944679260254
Number of particles:  2500
Sampling time:  4345.055841445923
Mean:  [13.25517997  4.60039782 13.29867792  2.84677332 13.5577342   3.58732509
 14.01508301  3.67612839 13.28940173  3.07376775 13.43174701  4.04182559
 10.39830828  2.07515361  0.27072591]
Variance:  [-7.50333129e-12 -3.58824082e-13 -1.02033937e-11  6.30606678e-13
 -9.35074240e-12  1.31983313e-12  2.43005616e-11  7.05213665e-13
  2.18847163e-11  5.54223334e-13  1.82183157e-11  1.41398004e-12
  2.72848411e-12  1.45661261e-13 -6.24500451e-15]
MSE 0.2064481553539513
Within factor of three (Nasim) 0.896875
Within factor of three (correct) 0.775
MSE:  0.2064481553539513
Within 3:  0.775
