Initialization time:  0.04975271224975586
hairpin: 34.69314622879028
hairpin1: 18.609288930892944
hairpin4: 5.6733105182647705
helix: 14.370768070220947
helix1: 7.428204774856567
three_waystranddisplacement: 91.01193690299988
three_waystranddisplacement1: 70.80264616012573
bubble: 3.038317918777466
four_waystrandexchange: 634.1271090507507
Number of particles:  500
Sampling time:  879.9271667003632
Mean:  [14.83822254  4.51260818 14.45754077  4.30472142 12.19030513  2.22689236
 12.67951596  1.73293086 11.6499619   1.90154772 13.01173548  1.86442732
 12.67927941  1.9445742   0.78232529]
Variance:  [-5.00222086e-12  2.62900812e-13 -1.27897692e-12 -2.23820962e-13
  2.84217094e-12 -6.21724894e-15 -2.52953214e-12  4.35207426e-14
 -3.41060513e-13  1.50990331e-14  8.24229573e-13 -4.30766534e-14
  1.08002496e-12 -1.55431223e-14  1.34336986e-14]
MSE 0.5560413886385059
Within factor of three (Nasim) 0.80625
Within factor of three (correct) 0.684375
MSE:  0.5560413886385059
Within 3:  0.684375
