Initialization time:  0.0072786808013916016
hairpin: 24.543128490447998
hairpin1: 7.378265380859375
hairpin4: 1.7922203540802002
helix: 4.437117338180542
helix1: 2.092223882675171
three_waystranddisplacement: 24.37660551071167
three_waystranddisplacement1: 17.67126703262329
bubble: 1.2159855365753174
four_waystrandexchange: 148.41325426101685
Number of particles:  110
Sampling time:  231.93230509757996
Mean:  [13.91922277  3.85939938 13.52712967  3.50192603 12.043249    2.53934514
 13.81127216  1.95911438 12.83470809  2.06526101 14.16799868  2.96507049
 12.39032341  3.00202356  0.25815314]
Variance:  [ 4.26325641e-13  1.77635684e-14  5.11590770e-13  2.30926389e-14
 -2.27373675e-13 -1.06581410e-14 -5.11590770e-13  8.88178420e-16
  8.52651283e-14 -7.10542736e-15 -5.68434189e-13  2.66453526e-14
 -2.27373675e-13  3.19744231e-14  1.66533454e-16]
MSE 0.6394699812545646
Within factor of three (Nasim) 0.803125
Within factor of three (correct) 0.7125
MSE:  0.6394699812545646
Within 3:  0.7125
