Initialization time:  0.011684417724609375
hairpin: 39.71518111228943
hairpin1: 17.297473430633545
hairpin4: 2.976348400115967
helix: 12.212655305862427
helix1: 4.592513799667358
three_waystranddisplacement: 40.362807750701904
three_waystranddisplacement1: 29.27408266067505
bubble: 1.403200387954712
four_waystrandexchange: 259.0536296367645
Number of particles:  200
Sampling time:  406.92279386520386
Mean:  [13.01434146  3.13730198 12.64850668  3.04749702 12.80496499  3.14112218
 12.72247753  3.48438202 14.00296762  4.4278054  12.21346781  2.50093198
 13.54008407  1.95342782  0.95421305]
Variance:  [ 1.59161573e-12 -2.84217094e-14 -1.02318154e-12  8.17124146e-14
  1.27897692e-12 -1.59872116e-14  1.70530257e-13  7.10542736e-14
  1.25055521e-12  0.00000000e+00 -1.16529009e-12  1.59872116e-14
 -1.87583282e-12 -4.17443857e-14  3.66373598e-15]
MSE 0.45145207113078917
Within factor of three (Nasim) 0.775
Within factor of three (correct) 0.671875
MSE:  0.45145207113078917
Within 3:  0.671875
