Initialization time:  0.009151935577392578
hairpin: 10.838726282119751
hairpin1: 3.814514398574829
hairpin4: 0.9680113792419434
helix: 2.971602439880371
helix1: 1.6572792530059814
three_waystranddisplacement: 20.099278450012207
three_waystranddisplacement1: 14.703319072723389
bubble: 0.9194784164428711
four_waystrandexchange: 127.77713227272034
Number of particles:  100
Sampling time:  183.77855229377747
Mean:  [12.45141801  2.92171745 13.40152812  3.61370078 13.50758504  2.06206178
 12.97203165  1.94997439 13.88003961  4.66148711 14.64119078  4.86442338
 13.63661152  4.05742628  0.59180618]
Variance:  [ 4.83169060e-13 -2.84217094e-14 -2.84217094e-13 -1.95399252e-14
  7.38964445e-13 -3.55271368e-15  0.00000000e+00 -6.21724894e-15
 -9.66338121e-13 -2.48689958e-14  6.82121026e-13  1.77635684e-14
 -3.97903932e-13  1.42108547e-14 -2.77555756e-16]
MSE 0.5018410945804155
Within factor of three (Nasim) 0.828125
Within factor of three (correct) 0.73125
MSE:  0.5018410945804155
Within 3:  0.73125
