Initialization time:  0.0052907466888427734
hairpin: 25.794299125671387
hairpin1: 6.123760461807251
hairpin4: 1.7577879428863525
helix: 3.3017520904541016
helix1: 1.4430322647094727
three_waystranddisplacement: 15.240517377853394
three_waystranddisplacement1: 11.94230580329895
bubble: 0.8622574806213379
four_waystrandexchange: 96.32070779800415
Number of particles:  70
Sampling time:  162.79609060287476
Mean:  [12.50741691  4.40215209 12.93471254  2.06157645 12.89011236  3.10070276
 11.77543868  3.95397892 12.01368278  2.27144233 12.21394397  2.73458817
 11.67029005  3.95449571  1.62687924]
Variance:  [ 4.54747351e-13  7.10542736e-15  2.27373675e-13  0.00000000e+00
 -2.27373675e-13 -1.95399252e-14  3.69482223e-13  3.90798505e-14
  1.98951966e-13  6.21724894e-15 -2.55795385e-13 -1.24344979e-14
 -2.84217094e-13  1.42108547e-14  2.66453526e-15]
MSE 0.4687414746605006
Within factor of three (Nasim) 0.8
Within factor of three (correct) 0.69375
MSE:  0.4687414746605006
Within 3:  0.69375
