Initialization time:  0.07671260833740234
hairpin: 97.91843509674072
hairpin1: 50.93799638748169
hairpin4: 13.265914916992188
helix: 44.13715577125549
helix1: 14.232743978500366
three_waystranddisplacement: 235.89587712287903
three_waystranddisplacement1: 149.46757888793945
bubble: 5.855022192001343
four_waystrandexchange: 1253.433786869049
Number of particles:  1000
Sampling time:  1865.3379275798798
Mean:  [13.73565718  3.55267636 13.82412389  3.91766681 14.75192697  3.39502566
 14.60122119  3.17871931 13.58065441  4.97426448 12.6861346   4.48171434
 12.29271003  4.14424609  0.44989359]
Variance:  [ 3.60955710e-12  6.11066753e-13 -9.23705556e-12 -7.17648163e-13
  7.84439180e-12 -5.98632255e-13  4.49063009e-12 -2.02504680e-13
  4.63273864e-12 -2.98427949e-13  7.21911420e-12 -1.27897692e-13
 -2.47268872e-12  3.09086090e-13 -4.32986980e-15]
MSE 0.46546411959699246
Within factor of three (Nasim) 0.8375
Within factor of three (correct) 0.753125
MSE:  0.46546411959699246
Within 3:  0.753125
