Initialization time:  0.04712700843811035
hairpin: 36.630151987075806
hairpin1: 22.50193190574646
hairpin4: 5.650763988494873
helix: 14.61232590675354
helix1: 5.728770971298218
three_waystranddisplacement: 71.48877000808716
three_waystranddisplacement1: 55.84421515464783
bubble: 2.8066341876983643
four_waystrandexchange: 539.2826790809631
Number of particles:  400
Sampling time:  754.6166572570801
Mean:  [12.17748349  2.90324447 13.18469426  3.33467466 14.34909928  3.13656385
 12.68293771  3.47748384 11.82924959  1.97696872 13.09909589  3.37584007
 13.5811727   2.61692127  0.76691494]
Variance:  [ 1.67688086e-12 -9.23705556e-14  8.52651283e-14 -6.39488462e-14
  2.55795385e-12 -1.10134124e-13 -2.78532752e-12 -5.68434189e-14
  3.97903932e-13 -4.44089210e-14  2.87059265e-12  1.15463195e-13
 -1.70530257e-13 -7.28306304e-14 -1.05471187e-14]
MSE 0.3341905571332886
Within factor of three (Nasim) 0.809375
Within factor of three (correct) 0.7125
MSE:  0.3341905571332886
Within 3:  0.7125
